[2017-03-28 16:23:56] local.ERROR: League\OAuth2\Server\Exception\OAuthServerException: The resource owner or authorization server denied the request. in /var/www/sunder/vendor/league/oauth2-server/src/Exception/OAuthServerException.php:165
Stack trace:
#0 /var/www/sunder/vendor/league/oauth2-server/src/AuthorizationValidators/BearerTokenValidator.php(53): League\OAuth2\Server\Exception\OAuthServerException::accessDenied('Access token co...')
#1 /var/www/sunder/vendor/league/oauth2-server/src/ResourceServer.php(82): League\OAuth2\Server\AuthorizationValidators\BearerTokenValidator->validateAuthorization(Object(Zend\Diactoros\ServerRequest))
#2 /var/www/sunder/vendor/laravel/passport/src/Guards/TokenGuard.php(110): League\OAuth2\Server\ResourceServer->validateAuthenticatedRequest(Object(Zend\Diactoros\ServerRequest))
#3 /var/www/sunder/vendor/laravel/passport/src/Guards/TokenGuard.php(90): Laravel\Passport\Guards\TokenGuard->authenticateViaBearerToken(Object(Illuminate\Http\Request))
#4 /var/www/sunder/vendor/laravel/passport/src/PassportServiceProvider.php(251): Laravel\Passport\Guards\TokenGuard->user(Object(Illuminate\Http\Request))
#5 [internal function]: Laravel\Passport\PassportServiceProvider->Laravel\Passport\{closure}(Object(Illuminate\Http\Request))
#6 /var/www/sunder/vendor/laravel/framework/src/Illuminate/Auth/RequestGuard.php(54): call_user_func(Object(Closure), Object(Illuminate\Http\Request))
#7 /var/www/sunder/vendor/laravel/framework/src/Illuminate/Auth/GuardHelpers.php(49): Illuminate\Auth\RequestGuard->user()
#8 /var/www/sunder/vendor/laravel/framework/src/Illuminate/Auth/Middleware/Authenticate.php(61): Illuminate\Auth\RequestGuard->check()
#9 /var/www/sunder/vendor/laravel/framework/src/Illuminate/Auth/Middleware/Authenticate.php(41): Illuminate\Auth\Middleware\Authenticate->authenticate(Array)
#10 /var/www/sunder/vendor/laravel/framework/src/Illuminate/Pipeline/Pipeline.php(148): Illuminate\Auth\Middleware\Authenticate->handle(Object(Illuminate\Http\Request), Object(Closure), 'api')
#11 /var/www/sunder/vendor/laravel/framework/src/Illuminate/Routing/Pipeline.php(53): Illuminate\Pipeline\Pipeline->Illuminate\Pipeline\{closure}(Object(Illuminate\Http\Request))
#12 /var/www/sunder/vendor/laravel/framework/src/Illuminate/Routing/Middleware/ThrottleRequests.php(49): Illuminate\Routing\Pipeline->Illuminate\Routing\{closure}(Object(Illuminate\Http\Request))
#13 /var/www/sunder/vendor/laravel/framework/src/Illuminate/Pipeline/Pipeline.php(148): Illuminate\Routing\Middleware\ThrottleRequests->handle(Object(Illuminate\Http\Request), Object(Closure), '60', '1')
#14 /var/www/sunder/vendor/laravel/framework/src/Illuminate/Routing/Pipeline.php(53): Illuminate\Pipeline\Pipeline->Illuminate\Pipeline\{closure}(Object(Illuminate\Http\Request))
#15 /var/www/sunder/vendor/laravel/framework/src/Illuminate/Pipeline/Pipeline.php(102): Illuminate\Routing\Pipeline->Illuminate\Routing\{closure}(Object(Illuminate\Http\Request))
#16 /var/www/sunder/vendor/laravel/framework/src/Illuminate/Routing/Router.php(561): Illuminate\Pipeline\Pipeline->then(Object(Closure))
#17 /var/www/sunder/vendor/laravel/framework/src/Illuminate/Routing/Router.php(520): Illuminate\Routing\Router->runRouteWithinStack(Object(Illuminate\Routing\Route), Object(Illuminate\Http\Request))
#18 /var/www/sunder/vendor/laravel/framework/src/Illuminate/Routing/Router.php(498): Illuminate\Routing\Router->dispatchToRoute(Object(Illuminate\Http\Request))
#19 /var/www/sunder/vendor/laravel/framework/src/Illuminate/Foundation/Http/Kernel.php(174): Illuminate\Routing\Router->dispatch(Object(Illuminate\Http\Request))
#20 /var/www/sunder/vendor/laravel/framework/src/Illuminate/Routing/Pipeline.php(30): Illuminate\Foundation\Http\Kernel->Illuminate\Foundation\Http\{closure}(Object(Illuminate\Http\Request))
#21 /var/www/sunder/vendor/laravel/framework/src/Illuminate/Foundation/Http/Middleware/CheckForMaintenanceMode.php(46): Illuminate\Routing\Pipeline->Illuminate\Routing\{closure}(Object(Illuminate\Http\Request))
#22 /var/www/sunder/vendor/laravel/framework/src/Illuminate/Pipeline/Pipeline.php(148): Illuminate\Foundation\Http\Middleware\CheckForMaintenanceMode->handle(Object(Illuminate\Http\Request), Object(Closure))
#23 /var/www/sunder/vendor/laravel/framework/src/Illuminate/Routing/Pipeline.php(53): Illuminate\Pipeline\Pipeline->Illuminate\Pipeline\{closure}(Object(Illuminate\Http\Request))
#24 /var/www/sunder/vendor/laravel/framework/src/Illuminate/Pipeline/Pipeline.php(102): Illuminate\Routing\Pipeline->Illuminate\Routing\{closure}(Object(Illuminate\Http\Request))
#25 /var/www/sunder/vendor/laravel/framework/src/Illuminate/Foundation/Http/Kernel.php(149): Illuminate\Pipeline\Pipeline->then(Object(Closure))
#26 /var/www/sunder/vendor/laravel/framework/src/Illuminate/Foundation/Http/Kernel.php(116): Illuminate\Foundation\Http\Kernel->sendRequestThroughRouter(Object(Illuminate\Http\Request))
#27 /var/www/sunder/public/index.php(53): Illuminate\Foundation\Http\Kernel->handle(Object(Illuminate\Http\Request))
#28 {main}  
